#
# There is insufficient memory for the Java Runtime Environment to continue.
# Native memory allocation (malloc) failed to allocate 2272656 bytes for Chunk::new
# Possible reasons:
#   The system is out of physical RAM or swap space
#   The process is running with CompressedOops enabled, and the Java Heap may be blocking the growth of the native heap
# Possible solutions:
#   Reduce memory load on the system
#   Increase physical memory or swap space
#   Check if swap backing store is full
#   Decrease Java heap size (-Xmx/-Xms)
#   Decrease number of Java threads
#   Decrease Java thread stack sizes (-Xss)
#   Set larger code cache with -XX:ReservedCodeCacheSize=
#   JVM is running with Unscaled Compressed Oops mode in which the Java heap is
#     placed in the first 4GB address space. The Java Heap base address is the
#     maximum limit for the native heap growth. Please use -XX:HeapBaseMinAddress
#     to set the Java Heap base and to place the Java Heap above 4GB virtual address.
# This output file may be truncated or incomplete.
#
#  Out of Memory Error (allocation.cpp:389), pid=39920, tid=0x0000000000002204
#
# JRE version: OpenJDK Runtime Environment (8.0_242-b01) (build 1.8.0_242-release-1644-b01)
# Java VM: OpenJDK 64-Bit Server VM (25.242-b01 mixed mode windows-amd64 compressed oops)
# Failed to write core dump. Minidumps are not enabled by default on client versions of Windows
#

---------------  T H R E A D  ---------------

Current thread (0x0000000014f39800):  JavaThread "C2 CompilerThread0" daemon [_thread_in_native, id=8708, stack(0x0000000016590000,0x0000000016690000)]

Stack: [0x0000000016590000,0x0000000016690000]
[error occurred during error reporting (printing stack bounds), id 0xc0000005]

Native frames: (J=compiled Java code, j=interpreted, Vv=VM code, C=native code)


Current CompileTask:
C2: 669654 9573 %     4       org.objectweb.asm.ClassReader::readCode @ 71 (5089 bytes)


---------------  P R O C E S S  ---------------

Java Threads: ( => current thread )
  0x000000001c606000 JavaThread "jar transforms Thread 152" [_thread_in_native, id=68812, stack(0x000000002c4d0000,0x000000002c5d0000)]
  0x000000001c60a800 JavaThread "jar transforms Thread 151" [_thread_in_native, id=51828, stack(0x000000002c3d0000,0x000000002c4d0000)]
  0x000000001c609800 JavaThread "jar transforms Thread 150" [_thread_in_native, id=41920, stack(0x000000002c2d0000,0x000000002c3d0000)]
  0x000000001c606800 JavaThread "jar transforms Thread 149" [_thread_blocked, id=68448, stack(0x000000002c1d0000,0x000000002c2d0000)]
  0x000000001c603000 JavaThread "jar transforms Thread 148" [_thread_blocked, id=53184, stack(0x000000002c0d0000,0x000000002c1d0000)]
  0x000000001c609000 JavaThread "jar transforms Thread 147" [_thread_blocked, id=46288, stack(0x000000002bfd0000,0x000000002c0d0000)]
  0x000000001c605000 JavaThread "jar transforms Thread 146" [_thread_blocked, id=72536, stack(0x000000002bed0000,0x000000002bfd0000)]
  0x000000001c604800 JavaThread "jar transforms Thread 145" [_thread_blocked, id=38844, stack(0x000000002bdd0000,0x000000002bed0000)]
  0x000000001da79800 JavaThread "jar transforms Thread 144" [_thread_in_native, id=36764, stack(0x000000002bcd0000,0x000000002bdd0000)]
  0x000000001ae7f800 JavaThread "jar transforms Thread 143" [_thread_blocked, id=49516, stack(0x000000002bbd0000,0x000000002bcd0000)]
  0x000000001ae7e800 JavaThread "jar transforms Thread 142" [_thread_blocked, id=20620, stack(0x000000002bad0000,0x000000002bbd0000)]
  0x000000001ae77000 JavaThread "jar transforms Thread 141" [_thread_blocked, id=37752, stack(0x000000002b9d0000,0x000000002bad0000)]
  0x000000001ae7e000 JavaThread "jar transforms Thread 140" [_thread_blocked, id=72092, stack(0x000000002b8d0000,0x000000002b9d0000)]
  0x000000001ae7c800 JavaThread "jar transforms Thread 139" [_thread_blocked, id=51180, stack(0x000000002b7d0000,0x000000002b8d0000)]
  0x000000001ae7b000 JavaThread "jar transforms Thread 138" [_thread_blocked, id=8752, stack(0x000000002b6d0000,0x000000002b7d0000)]
  0x000000001ae76800 JavaThread "jar transforms Thread 137" [_thread_blocked, id=15332, stack(0x000000002b5d0000,0x000000002b6d0000)]
  0x000000001ae7b800 JavaThread "jar transforms Thread 136" [_thread_blocked, id=76492, stack(0x000000002b4d0000,0x000000002b5d0000)]
  0x000000001ae7d000 JavaThread "jar transforms Thread 135" [_thread_blocked, id=2956, stack(0x000000002b3d0000,0x000000002b4d0000)]
  0x000000001ae73800 JavaThread "jar transforms Thread 134" [_thread_blocked, id=78280, stack(0x000000002b2d0000,0x000000002b3d0000)]
  0x000000001ae75800 JavaThread "jar transforms Thread 133" [_thread_blocked, id=60556, stack(0x000000002b1d0000,0x000000002b2d0000)]
  0x000000001ae75000 JavaThread "jar transforms Thread 132" [_thread_blocked, id=43420, stack(0x000000002b0d0000,0x000000002b1d0000)]
  0x000000001ae7a000 JavaThread "jar transforms Thread 131" [_thread_blocked, id=44504, stack(0x000000002afd0000,0x000000002b0d0000)]
  0x0000000016fc1800 JavaThread "jar transforms Thread 130" [_thread_blocked, id=41456, stack(0x000000002aed0000,0x000000002afd0000)]
  0x0000000016fc3000 JavaThread "jar transforms Thread 129" [_thread_blocked, id=34676, stack(0x000000002add0000,0x000000002aed0000)]
  0x0000000016fc6000 JavaThread "jar transforms Thread 128" [_thread_blocked, id=67616, stack(0x000000002acd0000,0x000000002add0000)]
  0x0000000016fc2800 JavaThread "jar transforms Thread 127" [_thread_blocked, id=65408, stack(0x000000002abd0000,0x000000002acd0000)]
  0x0000000016fc8800 JavaThread "jar transforms Thread 126" [_thread_in_native, id=1116, stack(0x000000002aad0000,0x000000002abd0000)]
  0x0000000016fc4000 JavaThread "jar transforms Thread 125" [_thread_blocked, id=14148, stack(0x000000002a9d0000,0x000000002aad0000)]
  0x0000000016fc7000 JavaThread "jar transforms Thread 124" [_thread_blocked, id=6568, stack(0x000000002a8d0000,0x000000002a9d0000)]
  0x0000000016fba000 JavaThread "jar transforms Thread 123" [_thread_in_native, id=69808, stack(0x000000002a7d0000,0x000000002a8d0000)]
  0x0000000016fbe800 JavaThread "jar transforms Thread 122" [_thread_blocked, id=65788, stack(0x000000002a6d0000,0x000000002a7d0000)]
  0x0000000016fbc800 JavaThread "jar transforms Thread 121" [_thread_blocked, id=37708, stack(0x000000002a5d0000,0x000000002a6d0000)]
  0x0000000016fbd000 JavaThread "jar transforms Thread 120" [_thread_blocked, id=65296, stack(0x000000002a4d0000,0x000000002a5d0000)]
  0x0000000016fbe000 JavaThread "jar transforms Thread 119" [_thread_blocked, id=13332, stack(0x000000002a3d0000,0x000000002a4d0000)]
  0x0000000016fbf800 JavaThread "jar transforms Thread 118" [_thread_blocked, id=75600, stack(0x000000002a2d0000,0x000000002a3d0000)]
  0x0000000016fc1000 JavaThread "jar transforms Thread 117" [_thread_blocked, id=63992, stack(0x000000002a1d0000,0x000000002a2d0000)]
  0x0000000016fc0000 JavaThread "jar transforms Thread 116" [_thread_blocked, id=76660, stack(0x000000002a0d0000,0x000000002a1d0000)]
  0x0000000016fb9000 JavaThread "jar transforms Thread 115" [_thread_in_native, id=18708, stack(0x0000000029fd0000,0x000000002a0d0000)]
  0x0000000016fbb800 JavaThread "jar transforms Thread 114" [_thread_in_native, id=22976, stack(0x0000000029ed0000,0x0000000029fd0000)]
  0x0000000016fbb000 JavaThread "jar transforms Thread 113" [_thread_in_Java, id=77352, stack(0x0000000029dd0000,0x0000000029ed0000)]
  0x0000000016fc5800 JavaThread "Memory manager" [_thread_blocked, id=2580, stack(0x0000000027580000,0x0000000027680000)]
  0x000000001ae72800 JavaThread "Build operations Thread 4" [_thread_blocked, id=11708, stack(0x000000001ff80000,0x0000000020080000)]
  0x000000001ae74000 JavaThread "Build operations Thread 3" [_thread_blocked, id=11168, stack(0x000000001fe80000,0x000000001ff80000)]
  0x000000001ae79800 JavaThread "Build operations Thread 2" [_thread_blocked, id=68264, stack(0x000000001fd80000,0x000000001fe80000)]
  0x000000001ae78800 JavaThread "Build operations" [_thread_blocked, id=32760, stack(0x000000001fc80000,0x000000001fd80000)]
  0x000000001ae71000 JavaThread "Cache worker for Build Output Cleanup Cache (D:\Aplikasi_Android\Flutter\wisatapandeglang\android\.gradle\buildOutputCleanup)" [_thread_blocked, id=72528, stack(0x000000001f980000,0x000000001fa80000)]
  0x000000001da7c800 JavaThread "Cache worker for file content cache (C:\Users\AsusPC\.gradle\caches\6.7\fileContent)" [_thread_blocked, id=40328, stack(0x000000001f280000,0x000000001f380000)]
  0x000000001da7b000 JavaThread "Cache worker for execution history cache (C:\Users\AsusPC\.gradle\caches\6.7\executionHistory)" [_thread_blocked, id=47972, stack(0x000000001ea80000,0x000000001eb80000)]
  0x000000001da78800 JavaThread "Cache worker for cache directory md-rule (C:\Users\AsusPC\.gradle\caches\6.7\md-rule)" [_thread_blocked, id=57540, stack(0x000000001e980000,0x000000001ea80000)]
  0x000000001da7e800 JavaThread "Cache worker for cache directory md-supplier (C:\Users\AsusPC\.gradle\caches\6.7\md-supplier)" [_thread_blocked, id=43616, stack(0x000000001e880000,0x000000001e980000)]
  0x000000001da7d000 JavaThread "Cache worker for checksums cache (D:\Aplikasi_Android\Flutter\wisatapandeglang\android\.gradle\checksums)" [_thread_blocked, id=24740, stack(0x000000001e470000,0x000000001e570000)]
  0x000000001da7b800 JavaThread "Cache worker for file hash cache (D:\Aplikasi_Android\Flutter\wisatapandeglang\android\.gradle\6.7\fileHashes)" [_thread_blocked, id=41760, stack(0x000000001d310000,0x000000001d410000)]
  0x000000001da7f800 JavaThread "Cache worker for journal cache (C:\Users\AsusPC\.gradle\caches\journal-1)" [_thread_blocked, id=23912, stack(0x000000001d010000,0x000000001d110000)]
  0x000000001da7e000 JavaThread "File lock request listener" [_thread_in_native, id=18232, stack(0x000000001cf10000,0x000000001d010000)]
  0x0000000017ad4800 JavaThread "Cache worker for file hash cache (C:\Users\AsusPC\.gradle\caches\6.7\fileHashes)" [_thread_blocked, id=72532, stack(0x000000001ce10000,0x000000001cf10000)]
  0x0000000016c7f000 JavaThread "Thread-9" [_thread_blocked, id=23616, stack(0x0000000019ba0000,0x0000000019ca0000)]
  0x0000000016b20000 JavaThread "Stdin handler" [_thread_blocked, id=40604, stack(0x0000000019aa0000,0x0000000019ba0000)]
  0x00000000174c5800 JavaThread "Asynchronous log dispatcher for DefaultDaemonConnection: socket connection from /127.0.0.1:62994 to /127.0.0.1:62999" [_thread_blocked, id=17132, stack(0x00000000199a0000,0x0000000019aa0000)]
  0x00000000174c4800 JavaThread "Daemon worker" [_thread_in_native, id=9668, stack(0x00000000198a0000,0x00000000199a0000)]
  0x00000000174c4000 JavaThread "Cancel handler" [_thread_blocked, id=28648, stack(0x00000000197a0000,0x00000000198a0000)]
  0x0000000017921000 JavaThread "Handler for socket connection from /127.0.0.1:62994 to /127.0.0.1:62999" [_thread_in_native, id=61120, stack(0x00000000196a0000,0x00000000197a0000)]
  0x0000000017c60800 JavaThread "Daemon" [_thread_blocked, id=57636, stack(0x00000000193a0000,0x00000000194a0000)]
  0x0000000016baf000 JavaThread "Daemon periodic checks" [_thread_blocked, id=16716, stack(0x00000000192a0000,0x00000000193a0000)]
  0x0000000017993800 JavaThread "Incoming local TCP Connector on port 62994" [_thread_in_native, id=54252, stack(0x00000000191a0000,0x00000000192a0000)]
  0x0000000017f26800 JavaThread "Daemon health stats" [_thread_blocked, id=42652, stack(0x0000000018660000,0x0000000018760000)]
  0x00000000168ba800 JavaThread "Service Thread" daemon [_thread_blocked, id=56756, stack(0x0000000016c90000,0x0000000016d90000)]
  0x0000000014f44800 JavaThread "C1 CompilerThread2" daemon [_thread_blocked, id=73940, stack(0x0000000016790000,0x0000000016890000)]
  0x0000000014f3c800 JavaThread "C2 CompilerThread1" daemon [_thread_in_native, id=4036, stack(0x0000000016690000,0x0000000016790000)]
=>0x0000000014f39800 JavaThread "C2 CompilerThread0" daemon [_thread_in_native, id=8708, stack(0x0000000016590000,0x0000000016690000)]
  0x0000000014f38000 JavaThread "Attach Listener" daemon [_thread_blocked, id=22904, stack(0x0000000016490000,0x0000000016590000)]
  0x0000000014f37000 JavaThread "Signal Dispatcher" daemon [_thread_blocked, id=46340, stack(0x0000000016390000,0x0000000016490000)]
  0x0000000014f1a000 JavaThread "Finalizer" daemon [_thread_blocked, id=64260, stack(0x0000000016190000,0x0000000016290000)]
  0x0000000014f19000 JavaThread "Reference Handler" daemon [_thread_blocked, id=68884, stack(0x0000000016090000,0x0000000016190000)]
  0x0000000002762800 JavaThread "main" [_thread_blocked, id=28184, stack(0x0000000000e50000,0x0000000000f50000)]

Other Threads:
  0x0000000014ef7800 VMThread [stack: 0x0000000015f90000,0x0000000016090000] [id=1792]
  0x00000000168d3800 WatcherThread [stack: 0x0000000016d90000,0x0000000016e90000] [id=63976]

VM state:not at safepoint (normal execution)

VM Mutex/Monitor currently owned by a thread: None

heap address: 0x00000000c0000000, size: 1024 MB, Compressed Oops mode: 32-bit
Narrow klass base: 0x0000000000000000, Narrow klass shift: 3
Compressed class space size: 1073741824 Address: 0x0000000100000000

Heap:
 PSYoungGen      total 66560K, used 16934K [0x00000000eab00000, 0x00000000ef780000, 0x0000000100000000)
  eden space 54784K, 28% used [0x00000000eab00000,0x00000000eba44930,0x00000000ee080000)
  from space 11776K, 11% used [0x00000000ee080000,0x00000000ee1c4f60,0x00000000eec00000)
  to   space 9728K, 0% used [0x00000000eee00000,0x00000000eee00000,0x00000000ef780000)
 ParOldGen       total 84480K, used 64026K [0x00000000c0000000, 0x00000000c5280000, 0x00000000eab00000)
  object space 84480K, 75% used [0x00000000c0000000,0x00000000c3e86a68,0x00000000c5280000)
 Metaspace       used 67719K, capacity 72362K, committed 72704K, reserved 1112064K
  class space    used 9164K, capacity 10116K, committed 10240K, reserved 1048576K

Card table byte_map: [0x0000000011c20000,0x0000000011e30000] byte_map_base: 0x0000000011620000

Marking Bits: (ParMarkBitMap*) 0x000000005f7bf030
 Begin Bits: [0x0000000012390000, 0x0000000013390000)
 End Bits:   [0x0000000013390000, 0x0000000014390000)

Polling page: 0x0000000000f50000

CodeCache: size=245760Kb used=27561Kb max_used=28068Kb free=218198Kb
 bounds [0x0000000002860000, 0x00000000043f0000, 0x0000000011860000]
 total_blobs=9118 nmethods=8281 adapters=748
 compilation: enabled

Compilation events (10 events):
Event: 668.913 Thread 0x0000000014f44800 9847       2       org.objectweb.asm.FieldWriter::visitAnnotation (40 bytes)
Event: 668.914 Thread 0x0000000014f44800 nmethod 9847 0x0000000003b54b90 code [0x0000000003b54d60, 0x0000000003b55378]
Event: 668.936 Thread 0x0000000014f44800 9848       2       org.objectweb.asm.SymbolTable::addConstantLongOrDouble (109 bytes)
Event: 668.937 Thread 0x0000000014f44800 nmethod 9848 0x0000000002d9f290 code [0x0000000002d9f440, 0x0000000002d9f818]
Event: 668.974 Thread 0x0000000014f44800 9849       2       org.objectweb.asm.SymbolTable::addBootstrapMethod (144 bytes)
Event: 668.975 Thread 0x0000000014f44800 nmethod 9849 0x0000000002d53b10 code [0x0000000002d53ca0, 0x0000000002d540b8]
Event: 669.091 Thread 0x0000000014f44800 9852 %     3       org.objectweb.asm.SymbolTable::addConstantUtf8Reference @ 13 (101 bytes)
Event: 669.093 Thread 0x0000000014f44800 nmethod 9852% 0x000000000381a150 code [0x000000000381a340, 0x000000000381ad18]
Event: 669.094 Thread 0x0000000014f44800 9853       3       org.objectweb.asm.SymbolTable::addConstantUtf8Reference (101 bytes)
Event: 669.095 Thread 0x0000000014f44800 nmethod 9853 0x00000000033c5810 code [0x00000000033c5a00, 0x00000000033c62b8]

GC Heap History (10 events):
Event: 597.162 GC heap before
{Heap before GC invocations=36 (full 3):
 PSYoungGen      total 72192K, used 61024K [0x00000000eab00000, 0x00000000f0080000, 0x0000000100000000)
  eden space 60928K, 100% used [0x00000000eab00000,0x00000000ee680000,0x00000000ee680000)
  from space 11264K, 0% used [0x00000000ef580000,0x00000000ef598000,0x00000000f0080000)
  to   space 13312K, 0% used [0x00000000ee680000,0x00000000ee680000,0x00000000ef380000)
 ParOldGen       total 84480K, used 63979K [0x00000000c0000000, 0x00000000c5280000, 0x00000000eab00000)
  object space 84480K, 75% used [0x00000000c0000000,0x00000000c3e7af88,0x00000000c5280000)
 Metaspace       used 67178K, capacity 71866K, committed 72064K, reserved 1112064K
  class space    used 9131K, capacity 10108K, committed 10112K, reserved 1048576K
Event: 597.166 GC heap after
Heap after GC invocations=36 (full 3):
 PSYoungGen      total 59904K, used 64K [0x00000000eab00000, 0x00000000eff00000, 0x0000000100000000)
  eden space 59392K, 0% used [0x00000000eab00000,0x00000000eab00000,0x00000000ee500000)
  from space 512K, 12% used [0x00000000ee680000,0x00000000ee690000,0x00000000ee700000)
  to   space 13312K, 0% used [0x00000000ef200000,0x00000000ef200000,0x00000000eff00000)
 ParOldGen       total 84480K, used 63979K [0x00000000c0000000, 0x00000000c5280000, 0x00000000eab00000)
  object space 84480K, 75% used [0x00000000c0000000,0x00000000c3e7af88,0x00000000c5280000)
 Metaspace       used 67178K, capacity 71866K, committed 72064K, reserved 1112064K
  class space    used 9131K, capacity 10108K, committed 10112K, reserved 1048576K
}
Event: 641.774 GC heap before
{Heap before GC invocations=37 (full 3):
 PSYoungGen      total 59904K, used 59456K [0x00000000eab00000, 0x00000000eff00000, 0x0000000100000000)
  eden space 59392K, 100% used [0x00000000eab00000,0x00000000ee500000,0x00000000ee500000)
  from space 512K, 12% used [0x00000000ee680000,0x00000000ee690000,0x00000000ee700000)
  to   space 13312K, 0% used [0x00000000ef200000,0x00000000ef200000,0x00000000eff00000)
 ParOldGen       total 84480K, used 63979K [0x00000000c0000000, 0x00000000c5280000, 0x00000000eab00000)
  object space 84480K, 75% used [0x00000000c0000000,0x00000000c3e7af88,0x00000000c5280000)
 Metaspace       used 67180K, capacity 71866K, committed 72064K, reserved 1112064K
  class space    used 9131K, capacity 10108K, committed 10112K, reserved 1048576K
Event: 641.778 GC heap after
Heap after GC invocations=37 (full 3):
 PSYoungGen      total 68608K, used 128K [0x00000000eab00000, 0x00000000efc80000, 0x0000000100000000)
  eden space 57856K, 0% used [0x00000000eab00000,0x00000000eab00000,0x00000000ee380000)
  from space 10752K, 1% used [0x00000000ef200000,0x00000000ef220000,0x00000000efc80000)
  to   space 12800K, 0% used [0x00000000ee380000,0x00000000ee380000,0x00000000ef000000)
 ParOldGen       total 84480K, used 63987K [0x00000000c0000000, 0x00000000c5280000, 0x00000000eab00000)
  object space 84480K, 75% used [0x00000000c0000000,0x00000000c3e7cf88,0x00000000c5280000)
 Metaspace       used 67180K, capacity 71866K, committed 72064K, reserved 1112064K
  class space    used 9131K, capacity 10108K, committed 10112K, reserved 1048576K
}
Event: 668.091 GC heap before
{Heap before GC invocations=38 (full 3):
 PSYoungGen      total 68608K, used 57984K [0x00000000eab00000, 0x00000000efc80000, 0x0000000100000000)
  eden space 57856K, 100% used [0x00000000eab00000,0x00000000ee380000,0x00000000ee380000)
  from space 10752K, 1% used [0x00000000ef200000,0x00000000ef220000,0x00000000efc80000)
  to   space 12800K, 0% used [0x00000000ee380000,0x00000000ee380000,0x00000000ef000000)
 ParOldGen       total 84480K, used 63987K [0x00000000c0000000, 0x00000000c5280000, 0x00000000eab00000)
  object space 84480K, 75% used [0x00000000c0000000,0x00000000c3e7cf88,0x00000000c5280000)
 Metaspace       used 67555K, capacity 72234K, committed 72448K, reserved 1112064K
  class space    used 9161K, capacity 10116K, committed 10240K, reserved 1048576K
Event: 668.100 GC heap after
Heap after GC invocations=38 (full 3):
 PSYoungGen      total 58368K, used 1826K [0x00000000eab00000, 0x00000000efa00000, 0x0000000100000000)
  eden space 56320K, 0% used [0x00000000eab00000,0x00000000eab00000,0x00000000ee200000)
  from space 2048K, 89% used [0x00000000ee380000,0x00000000ee548bd8,0x00000000ee580000)
  to   space 12288K, 0% used [0x00000000eee00000,0x00000000eee00000,0x00000000efa00000)
 ParOldGen       total 84480K, used 63995K [0x00000000c0000000, 0x00000000c5280000, 0x00000000eab00000)
  object space 84480K, 75% used [0x00000000c0000000,0x00000000c3e7ef88,0x00000000c5280000)
 Metaspace       used 67555K, capacity 72234K, committed 72448K, reserved 1112064K
  class space    used 9161K, capacity 10116K, committed 10240K, reserved 1048576K
}
Event: 668.754 GC heap before
{Heap before GC invocations=39 (full 3):
 PSYoungGen      total 58368K, used 58146K [0x00000000eab00000, 0x00000000efa00000, 0x0000000100000000)
  eden space 56320K, 100% used [0x00000000eab00000,0x00000000ee200000,0x00000000ee200000)
  from space 2048K, 89% used [0x00000000ee380000,0x00000000ee548bd8,0x00000000ee580000)
  to   space 12288K, 0% used [0x00000000eee00000,0x00000000eee00000,0x00000000efa00000)
 ParOldGen       total 84480K, used 64002K [0x00000000c0000000, 0x00000000c5280000, 0x00000000eab00000)
  object space 84480K, 75% used [0x00000000c0000000,0x00000000c3e808c0,0x00000000c5280000)
 Metaspace       used 67708K, capacity 72362K, committed 72704K, reserved 1112064K
  class space    used 9164K, capacity 10116K, committed 10240K, reserved 1048576K
Event: 668.765 GC heap after
Heap after GC invocations=39 (full 3):
 PSYoungGen      total 64512K, used 1556K [0x00000000eab00000, 0x00000000ef780000, 0x0000000100000000)
  eden space 54784K, 0% used [0x00000000eab00000,0x00000000eab00000,0x00000000ee080000)
  from space 9728K, 16% used [0x00000000eee00000,0x00000000eef852b0,0x00000000ef780000)
  to   space 11776K, 0% used [0x00000000ee080000,0x00000000ee080000,0x00000000eec00000)
 ParOldGen       total 84480K, used 64010K [0x00000000c0000000, 0x00000000c5280000, 0x00000000eab00000)
  object space 84480K, 75% used [0x00000000c0000000,0x00000000c3e828c0,0x00000000c5280000)
 Metaspace       used 67708K, capacity 72362K, committed 72704K, reserved 1112064K
  class space    used 9164K, capacity 10116K, committed 10240K, reserved 1048576K
}
Event: 669.166 GC heap before
{Heap before GC invocations=40 (full 3):
 PSYoungGen      total 64512K, used 56340K [0x00000000eab00000, 0x00000000ef780000, 0x0000000100000000)
  eden space 54784K, 100% used [0x00000000eab00000,0x00000000ee080000,0x00000000ee080000)
  from space 9728K, 16% used [0x00000000eee00000,0x00000000eef852b0,0x00000000ef780000)
  to   space 11776K, 0% used [0x00000000ee080000,0x00000000ee080000,0x00000000eec00000)
 ParOldGen       total 84480K, used 64018K [0x00000000c0000000, 0x00000000c5280000, 0x00000000eab00000)
  object space 84480K, 75% used [0x00000000c0000000,0x00000000c3e84a68,0x00000000c5280000)
 Metaspace       used 67718K, capacity 72362K, committed 72704K, reserved 1112064K
  class space    used 9164K, capacity 10116K, committed 10240K, reserved 1048576K
Event: 669.180 GC heap after
Heap after GC invocations=40 (full 3):
 PSYoungGen      total 66560K, used 1299K [0x00000000eab00000, 0x00000000ef780000, 0x0000000100000000)
  eden space 54784K, 0% used [0x00000000eab00000,0x00000000eab00000,0x00000000ee080000)
  from space 11776K, 11% used [0x00000000ee080000,0x00000000ee1c4f60,0x00000000eec00000)
  to   space 9728K, 0% used [0x00000000eee00000,0x00000000eee00000,0x00000000ef780000)
 ParOldGen       total 84480K, used 64026K [0x00000000c0000000, 0x00000000c5280000, 0x00000000eab00000)
  object space 84480K, 75% used [0x00000000c0000000,0x00000000c3e86a68,0x00000000c5280000)
 Metaspace       used 67718K, capacity 72362K, committed 72704K, reserved 1112064K
  class space    used 9164K, capacity 10116K, committed 10240K, reserved 1048576K
}

Deoptimization events (10 events):
Event: 667.927 Thread 0x0000000016fc8800 Uncommon trap: reason=unstable_if action=reinterpret pc=0x00000000035e54b4 method=org.objectweb.asm.ByteVector.putByteArray([BII)Lorg/objectweb/asm/ByteVector; @ 20
Event: 667.927 Thread 0x0000000016fc8800 Uncommon trap: reason=unstable_if action=reinterpret pc=0x00000000034fa090 method=org.objectweb.asm.Label.resolve([BI)Z @ 80
Event: 667.931 Thread 0x0000000016fbb800 Uncommon trap: reason=unstable_if action=reinterpret pc=0x0000000003579fdc method=org.objectweb.asm.ByteVector.putUTF8(Ljava/lang/String;)Lorg/objectweb/asm/ByteVector; @ 100
Event: 667.941 Thread 0x0000000016fc8800 Uncommon trap: reason=unstable_if action=reinterpret pc=0x0000000003ce01fc method=org.objectweb.asm.Handler.getExceptionTableLength(Lorg/objectweb/asm/Handler;)I @ 5
Event: 667.945 Thread 0x0000000016fc1000 Uncommon trap: reason=unstable_if action=reinterpret pc=0x0000000003a3311c method=org.objectweb.asm.MethodWriter.endCurrentBasicBlockWithNoSuccessor()V @ 5
Event: 667.925 Thread 0x0000000016fc0000 Uncommon trap: reason=unstable_if action=reinterpret pc=0x00000000034d1830 method=org.objectweb.asm.MethodWriter.visitVarInsn(II)V @ 116
Event: 667.949 Thread 0x0000000016fc1000 Uncommon trap: reason=unstable_if action=reinterpret pc=0x00000000035098d0 method=org.objectweb.asm.ByteVector.putUTF8(Ljava/lang/String;)Lorg/objectweb/asm/ByteVector; @ 100
Event: 668.625 Thread 0x0000000016fc4000 Uncommon trap: reason=unstable_if action=reinterpret pc=0x000000000436e0c8 method=org.objectweb.asm.SymbolTable.addConstantUtf8Reference(ILjava/lang/String;)Lorg/objectweb/asm/Symbol; @ 45
Event: 668.625 Thread 0x0000000016fc4000 Uncommon trap: reason=unstable_if action=reinterpret pc=0x00000000042a2cd8 method=org.objectweb.asm.SymbolTable.addConstantUtf8(Ljava/lang/String;)I @ 40
Event: 668.694 Thread 0x0000000016fc1800 Uncommon trap: reason=unstable_if action=reinterpret pc=0x00000000043de134 method=java.io.BufferedOutputStream.write([BII)V @ 6

Classes redefined (0 events):
No events

Internal exceptions (10 events):
Event: 668.747 Thread 0x0000000016fbf800 Exception <a 'sun/nio/fs/WindowsException'> (0x00000000eae89e08) thrown at [C:\src\AOSP-openjdk-git\hotspot\src\share\vm\prims\jni.cpp, line 710]
Event: 668.747 Thread 0x0000000016fc1800 Exception <a 'sun/nio/fs/WindowsException'> (0x00000000edb16568) thrown at [C:\src\AOSP-openjdk-git\hotspot\src\share\vm\prims\jni.cpp, line 710]
Event: 668.749 Thread 0x000000001c606800 Exception <a 'sun/nio/fs/WindowsException'> (0x00000000ebdec270) thrown at [C:\src\AOSP-openjdk-git\hotspot\src\share\vm\prims\jni.cpp, line 710]
Event: 668.750 Thread 0x0000000016fc0000 Exception <a 'sun/nio/fs/WindowsException'> (0x00000000ebb30df8) thrown at [C:\src\AOSP-openjdk-git\hotspot\src\share\vm\prims\jni.cpp, line 710]
Event: 668.924 Thread 0x000000001ae7a000 Exception <a 'sun/nio/fs/WindowsException'> (0x00000000ec232f50) thrown at [C:\src\AOSP-openjdk-git\hotspot\src\share\vm\prims\jni.cpp, line 710]
Event: 668.925 Thread 0x000000001c609000 Exception <a 'sun/nio/fs/WindowsException'> (0x00000000eb6ee6c8) thrown at [C:\src\AOSP-openjdk-git\hotspot\src\share\vm\prims\jni.cpp, line 710]
Event: 669.057 Thread 0x0000000016fbd000 Exception <a 'sun/nio/fs/WindowsException'> (0x00000000eb2481c8) thrown at [C:\src\AOSP-openjdk-git\hotspot\src\share\vm\prims\jni.cpp, line 710]
Event: 669.057 Thread 0x0000000016fc2800 Exception <a 'sun/nio/fs/WindowsException'> (0x00000000ead9e568) thrown at [C:\src\AOSP-openjdk-git\hotspot\src\share\vm\prims\jni.cpp, line 710]
Event: 669.057 Thread 0x0000000016fbe800 Exception <a 'sun/nio/fs/WindowsException'> (0x00000000ec206850) thrown at [C:\src\AOSP-openjdk-git\hotspot\src\share\vm\prims\jni.cpp, line 710]
Event: 669.181 Thread 0x0000000016fc2800 Exception <a 'sun/nio/fs/WindowsException'> (0x00000000eab0b948) thrown at [C:\src\AOSP-openjdk-git\hotspot\src\share\vm\prims\jni.cpp, line 710]

Events (10 events):
Event: 668.878 Thread 0x0000000014f44800 flushing nmethod 0x0000000003e828d0
Event: 668.879 Thread 0x0000000014f44800 flushing nmethod 0x0000000003e84010
Event: 668.881 Thread 0x0000000014f44800 flushing nmethod 0x0000000003f8e710
Event: 668.882 Thread 0x0000000014f44800 flushing nmethod 0x00000000040ec210
Event: 668.882 Thread 0x0000000014f44800 flushing nmethod 0x000000000411ff50
Event: 669.153 Executing VM operation: ParallelGCFailedAllocation
Event: 669.181 Executing VM operation: ParallelGCFailedAllocation done
Event: 669.181 Executing VM operation: RevokeBias
Event: 669.182 Executing VM operation: RevokeBias done
Event: 669.182 Executing VM operation: BulkRevokeBias


Dynamic libraries:
0x00007ff7ff220000 - 0x00007ff7ff251000 	C:\Program Files\Android\Android Studio\jre\bin\java.exe
0x00007ffb6d820000 - 0x00007ffb6da01000 	C:\WINDOWS\SYSTEM32\ntdll.dll
0x00007ffb2e1e0000 - 0x00007ffb2e1f2000 	C:\Program Files\AVAST Software\Avast\aswhook.dll
0x00007ffb6d590000 - 0x00007ffb6d642000 	C:\WINDOWS\System32\KERNEL32.DLL
0x00007ffb6a6d0000 - 0x00007ffb6a943000 	C:\WINDOWS\System32\KERNELBASE.dll
0x00007ffb6d4e0000 - 0x00007ffb6d581000 	C:\WINDOWS\System32\ADVAPI32.dll
0x00007ffb6acc0000 - 0x00007ffb6ad5e000 	C:\WINDOWS\System32\msvcrt.dll
0x00007ffb6bba0000 - 0x00007ffb6bbfb000 	C:\WINDOWS\System32\sechost.dll
0x00007ffb6d3b0000 - 0x00007ffb6d4d4000 	C:\WINDOWS\System32\RPCRT4.dll
0x00007ffb6bc60000 - 0x00007ffb6bdf0000 	C:\WINDOWS\System32\USER32.dll
0x00007ffb6a950000 - 0x00007ffb6a970000 	C:\WINDOWS\System32\win32u.dll
0x00007ffb6ba00000 - 0x00007ffb6ba28000 	C:\WINDOWS\System32\GDI32.dll
0x00007ffb6a3e0000 - 0x00007ffb6a572000 	C:\WINDOWS\System32\gdi32full.dll
0x00007ffb6a630000 - 0x00007ffb6a6cf000 	C:\WINDOWS\System32\msvcp_win.dll
0x00007ffb6a9c0000 - 0x00007ffb6aaba000 	C:\WINDOWS\System32\ucrtbase.dll
0x00007ffb60190000 - 0x00007ffb603f9000 	C:\WINDOWS\WinSxS\amd64_microsoft.windows.common-controls_6595b64144ccf1df_6.0.17134.112_none_fb3f961b30681c12\COMCTL32.dll
0x00007ffb6b5b0000 - 0x00007ffb6b8d3000 	C:\WINDOWS\System32\combase.dll
0x00007ffb6a360000 - 0x00007ffb6a3da000 	C:\WINDOWS\System32\bcryptPrimitives.dll
0x00007ffb6b8e0000 - 0x00007ffb6b90d000 	C:\WINDOWS\System32\IMM32.DLL
0x000000005ee30000 - 0x000000005ef02000 	C:\Program Files\Android\Android Studio\jre\jre\bin\msvcr100.dll
0x000000005eff0000 - 0x000000005f83b000 	C:\Program Files\Android\Android Studio\jre\jre\bin\server\jvm.dll
0x00007ffb6acb0000 - 0x00007ffb6acb8000 	C:\WINDOWS\System32\PSAPI.DLL
0x00007ffb64410000 - 0x00007ffb64433000 	C:\WINDOWS\SYSTEM32\WINMM.dll
0x00007ffb68780000 - 0x00007ffb68789000 	C:\WINDOWS\SYSTEM32\WSOCK32.dll
0x00007ffb62b90000 - 0x00007ffb62b9a000 	C:\WINDOWS\SYSTEM32\VERSION.dll
0x00007ffb6b540000 - 0x00007ffb6b5ac000 	C:\WINDOWS\System32\WS2_32.dll
0x00007ffb643e0000 - 0x00007ffb6440a000 	C:\WINDOWS\SYSTEM32\WINMMBASE.dll
0x00007ffb6a970000 - 0x00007ffb6a9b9000 	C:\WINDOWS\System32\cfgmgr32.dll
0x00007ffb66860000 - 0x00007ffb6686f000 	C:\Program Files\Android\Android Studio\jre\jre\bin\verify.dll
0x00007ffb62ec0000 - 0x00007ffb62ee9000 	C:\Program Files\Android\Android Studio\jre\jre\bin\java.dll
0x00007ffb60400000 - 0x00007ffb60416000 	C:\Program Files\Android\Android Studio\jre\jre\bin\zip.dll
0x00007ffb6bdf0000 - 0x00007ffb6d230000 	C:\WINDOWS\System32\SHELL32.dll
0x00007ffb6ae00000 - 0x00007ffb6aea9000 	C:\WINDOWS\System32\shcore.dll
0x00007ffb69bf0000 - 0x00007ffb6a2fd000 	C:\WINDOWS\System32\windows.storage.dll
0x00007ffb6bc00000 - 0x00007ffb6bc51000 	C:\WINDOWS\System32\shlwapi.dll
0x00007ffb69bb0000 - 0x00007ffb69bc1000 	C:\WINDOWS\System32\kernel.appcore.dll
0x00007ffb69bd0000 - 0x00007ffb69bef000 	C:\WINDOWS\System32\profapi.dll
0x00007ffb69b60000 - 0x00007ffb69bac000 	C:\WINDOWS\System32\powrprof.dll
0x00007ffb69b30000 - 0x00007ffb69b3a000 	C:\WINDOWS\System32\FLTLIB.DLL
0x00007ffb5c950000 - 0x00007ffb5c96a000 	C:\Program Files\Android\Android Studio\jre\jre\bin\net.dll
0x00007ffb693b0000 - 0x00007ffb69416000 	C:\WINDOWS\system32\mswsock.dll
0x00007ffb5c930000 - 0x00007ffb5c943000 	C:\Program Files\Android\Android Studio\jre\jre\bin\nio.dll
0x00007ffb4c260000 - 0x00007ffb4c286000 	C:\Users\AsusPC\.gradle\native\fdc75f09e3144964f2cf3f50f0aa648679c211496f362492102eb8c894070792\windows-amd64\native-platform.dll
0x00007ffb32560000 - 0x00007ffb326f1000 	C:\Users\AsusPC\.gradle\native\12488b8bf47d2d4c9fbf2f6322a914ad602e24e48041cd04a747c6da556b65c4\windows-amd64\native-platform-file-events.dll
0x00007ffb667a0000 - 0x00007ffb667ad000 	C:\Program Files\Android\Android Studio\jre\jre\bin\management.dll
0x00007ffb69560000 - 0x00007ffb69577000 	C:\WINDOWS\SYSTEM32\CRYPTSP.dll
0x00007ffb68f90000 - 0x00007ffb68fc3000 	C:\WINDOWS\system32\rsaenh.dll
0x00007ffb69690000 - 0x00007ffb696b5000 	C:\WINDOWS\SYSTEM32\bcrypt.dll
0x00007ffb69a30000 - 0x00007ffb69a58000 	C:\WINDOWS\SYSTEM32\USERENV.dll
0x00007ffb69580000 - 0x00007ffb6958b000 	C:\WINDOWS\SYSTEM32\CRYPTBASE.dll
0x00007ffb69130000 - 0x00007ffb69168000 	C:\WINDOWS\SYSTEM32\IPHLPAPI.DLL
0x00007ffb6d3a0000 - 0x00007ffb6d3a8000 	C:\WINDOWS\System32\NSI.dll
0x00007ffb5e2d0000 - 0x00007ffb5e2e6000 	C:\WINDOWS\SYSTEM32\dhcpcsvc6.DLL
0x00007ffb5e380000 - 0x00007ffb5e39a000 	C:\WINDOWS\SYSTEM32\dhcpcsvc.DLL
0x00007ffb5fca0000 - 0x00007ffb5fcab000 	C:\WINDOWS\SYSTEM32\WINNSI.DLL
0x00007ffb5bcf0000 - 0x00007ffb5bd14000 	C:\Program Files\Android\Android Studio\jre\jre\bin\sunec.dll
0x00007ffb69170000 - 0x00007ffb6922e000 	C:\WINDOWS\SYSTEM32\DNSAPI.dll
0x00007ffb5c8a0000 - 0x00007ffb5c8aa000 	C:\Windows\System32\rasadhlp.dll
0x00007ffb5d100000 - 0x00007ffb5d172000 	C:\WINDOWS\System32\fwpuclnt.dll
0x00007ffb65a30000 - 0x00007ffb65a3b000 	C:\Program Files\Android\Android Studio\jre\jre\bin\sunmscapi.dll
0x00007ffb6aac0000 - 0x00007ffb6aca2000 	C:\WINDOWS\System32\CRYPT32.dll
0x00007ffb69b40000 - 0x00007ffb69b52000 	C:\WINDOWS\System32\MSASN1.dll

VM Arguments:
jvm_args: -Xmx1024m -Dfile.encoding=windows-1252 -Duser.country=US -Duser.language=en -Duser.variant 
java_command: org.gradle.launcher.daemon.bootstrap.GradleDaemon 6.7
java_class_path (initial): C:\Users\AsusPC\.gradle\wrapper\dists\gradle-6.7-all\cuy9mc7upwgwgeb72wkcrupxe\gradle-6.7\lib\gradle-launcher-6.7.jar
Launcher Type: SUN_STANDARD

Environment Variables:
JAVA_HOME=C:\Program Files\Android\Android Studio\jre
CLASSPATH=D:\Aplikasi_Android\Flutter\wisatapandeglang\android\\gradle\wrapper\gradle-wrapper.jar
PATH=C:\ProgramData\Oracle\Java\javapath;C:\Program Files\cmake\bin;C:\Windows\System32\;D:\Bahasa Pemrogrman\aplication_android\flutter\flutter\bin;C:\Program Files\Java\jdk1.8.0_144\bin;C:\xamppo\php;C:\Program Files\nodejs\;C:\composer;C:\Users\AsusPC\AppData\Local\Programs\Python\Python38\Scripts\;C:\Users\AsusPC\AppData\Local\Programs\Python\Python38\;C:\Program Files\Git\cmd\git.exe;D:\Bahasa Pemrogrman\aplication_android\flutter\flutter\bin;C:\Program Files\Git\cmd;C:\Windows\System32;C:\WINDOWS\System32\WindowsPowerShell\v1.0\;C:\Program Files\Java\jre1.8.0_144\bin;C:\Users\AsusPC\AppData\Local\Programs\Microsoft VS Code\bin;C:\Users\AsusPC\AppData\Roaming\npm;C:\Users\AsusPC\AppData\Roaming\Composer\vendor\bin
USERNAME=AsusPC
OS=Windows_NT
PROCESSOR_IDENTIFIER=Intel64 Family 6 Model 61 Stepping 4, GenuineIntel



---------------  S Y S T E M  ---------------

OS: Windows 10.0 , 64 bit Build 17134 (10.0.17134.1)

CPU:total 4 (initial active 4) (2 cores per cpu, 2 threads per core) family 6 model 61 stepping 4, cmov, cx8, fxsr, mmx, sse, sse2, sse3, ssse3, sse4.1, sse4.2, popcnt, avx, avx2, aes, clmul, erms, 3dnowpref, lzcnt, ht, tsc, tscinvbit, bmi1, bmi2, adx

Memory: 4k page, physical 8285596k(566212k free), swap 18241544k(7524k free)

vm_info: OpenJDK 64-Bit Server VM (25.242-b01) for windows-amd64 JRE (1.8.0_242-release-1644-b01), built by "builder" with MS VC++ 10.0 (VS2010)

time: Mon Mar 08 21:47:32 2021
timezone: SE Asia Standard Time
elapsed time: 669 seconds (0d 0h 11m 9s)

